/*C2*/SET SCHEMA PUBLIC
DELETE FROM SIMULATIONSLAUF_ERGEBNISSE WHERE AL_ID=2973
DELETE FROM SIMULATIONSLAUF_ERGEBNISSE WHERE AL_ID=2974
DELETE FROM SIMULATIONSLAUF_ERGEBNISSE WHERE AL_ID=2975
DELETE FROM SIMULATIONSLAUF_ERGEBNISSE WHERE AL_ID=2976
DELETE FROM SIMULATIONSLAUF_ERGEBNISSE WHERE AL_ID=2977
DELETE FROM SIMULATIONSLAUF_ERGEBNISSE WHERE AL_ID=2978
DELETE FROM SIMULATIONSLAUF_ERGEBNISSE WHERE AL_ID=2979
DELETE FROM SIMULATIONSLAUF_ERGEBNISSE WHERE AL_ID=2980
DELETE FROM SIMULATIONSLAUF_ERGEBNISSE WHERE AL_ID=2981
DELETE FROM SIMULATIONSLAUF_ERGEBNISSE WHERE AL_ID=2982
DELETE FROM SIMULATIONSLAUF_ERGEBNISSE WHERE AL_ID=2983
DELETE FROM SIMULATIONSLAUF_ERGEBNISSE WHERE AL_ID=2984
DELETE FROM SIMULATIONSLAUF_ERGEBNISSE WHERE AL_ID=2985
DELETE FROM SIMULATIONSLAUF_ERGEBNISSE WHERE AL_ID=2986
DELETE FROM SIMULATIONSLAUF_ERGEBNISSE WHERE AL_ID=2987
DELETE FROM SIMULATIONSLAUF_ERGEBNISSE WHERE AL_ID=2988
DELETE FROM SIMULATIONSLAUF_ERGEBNISSE WHERE AL_ID=2989
DELETE FROM SIMULATIONSLAUF_ERGEBNISSE WHERE AL_ID=2990
DELETE FROM SIMULATIONSLAUF_ERGEBNISSE WHERE AL_ID=2991
DELETE FROM SIMULATIONSLAUF_ERGEBNISSE WHERE AL_ID=2992
DELETE FROM SIMULATIONSLAUF_ERGEBNISSE WHERE AL_ID=2993
DELETE FROM SIMULATIONSLAUF_ERGEBNISSE WHERE AL_ID=2994
DELETE FROM SIMULATIONSLAUF_ERGEBNISSE WHERE AL_ID=2995
DELETE FROM SIMULATIONSLAUF_ERGEBNISSE WHERE AL_ID=2996
DELETE FROM SIMULATIONSLAUF_ERGEBNISSE WHERE AL_ID=2997
DELETE FROM SIMULATIONSLAUF_ERGEBNISSE WHERE AL_ID=2998
DELETE FROM SIMULATIONSLAUF_ERGEBNISSE WHERE AL_ID=2999
DELETE FROM SIMULATIONSLAUF_ERGEBNISSE WHERE AL_ID=3000
DELETE FROM SIMULATIONSLAUF_ERGEBNISSE WHERE AL_ID=3001
DELETE FROM SIMULATIONSLAUF_ERGEBNISSE WHERE AL_ID=3002
DELETE FROM SIMULATIONSLAUF_ERGEBNISSE WHERE AL_ID=3003
DELETE FROM SIMULATIONSLAUF_ERGEBNISSE WHERE AL_ID=3004
DELETE FROM SIMULATIONSLAUF_ERGEBNISSE WHERE AL_ID=3005
DELETE FROM SIMULATIONSLAUF_ERGEBNISSE WHERE AL_ID=3006
DELETE FROM SIMULATIONSLAUF_ERGEBNISSE WHERE AL_ID=3007
COMMIT
/*C3*/SET SCHEMA PUBLIC
INSERT INTO SIMULATIONSLAUF_ERGEBNISSE VALUES(3008,1,447.0E0,0.635931297773564E0,0.6715921995728771E0,0.7294294127451525E0,0.2958497694316351E0,0.7175147508270582E0,0.8386774820899058E0,0.6789821656758709E0,0.5194733040724485E0)
COMMIT
INSERT INTO SIMULATIONSLAUF_ERGEBNISSE VALUES(3009,2,429.0E0,0.6259086774693225E0,0.7224028001622378E0,0.6123700205642604E0,0.3764653591866215E0,0.7212365131471817E0,0.6423134618589922E0,0.810045002500139E0,0.4965275848658259E0)
COMMIT
DISCONNECT
/*C2*/DISCONNECT
