/*C2*/SET SCHEMA PUBLIC
INSERT INTO LOG_FG VALUES(682,0,'Rot',10.0E0,73.02500000126238E0,63.025000001262384E0)
COMMIT
INSERT INTO LOG_FG VALUES(683,2,'Blau',30.0E0,96.67500000126238E0,66.67500000126238E0)
COMMIT
INSERT INTO LOG_FG VALUES(684,1,'Gr\u00fcn',20.0E0,104.67500000126238E0,84.67500000126238E0)
COMMIT
INSERT INTO LOG_FG VALUES(685,3,'Blau',40.0E0,124.67500000126238E0,84.67500000126238E0)
COMMIT
INSERT INTO LOG_FG VALUES(686,4,'Rot',50.0E0,132.67500000126236E0,82.67500000126236E0)
COMMIT
INSERT INTO LOG_FG VALUES(687,6,'Rot',70.0E0,143.80000000126236E0,73.80000000126236E0)
COMMIT
INSERT INTO LOG_FG VALUES(688,5,'Blau',60.0E0,165.6000000089357E0,105.6000000089357E0)
COMMIT
INSERT INTO LOG_FG VALUES(689,7,'Rot',80.0E0,173.6000000089357E0,93.6000000089357E0)
COMMIT
INSERT INTO LOG_FG VALUES(690,8,'Rot',90.0E0,192.7250000089357E0,102.7250000089357E0)
COMMIT
INSERT INTO LOG_FG VALUES(691,12,'Blau',130.0E0,214.7250000089357E0,84.7250000089357E0)
COMMIT
INSERT INTO LOG_FG VALUES(692,10,'Gr\u00fcn',110.0E0,220.7250000089357E0,110.7250000089357E0)
COMMIT
INSERT INTO LOG_FG VALUES(693,11,'Gr\u00fcn',120.0E0,222.7250000089357E0,102.7250000089357E0)
COMMIT
INSERT INTO LOG_FG VALUES(694,14,'Blau',150.0E0,242.7250000089357E0,92.7250000089357E0)
COMMIT
DISCONNECT
