#
# There is insufficient memory for the Java Runtime Environment to continue.
# Native memory allocation (malloc) failed to allocate 288336 bytes for Chunk::new
# Possible reasons:
#   The system is out of physical RAM or swap space
#   The process is running with CompressedOops enabled, and the Java Heap may be blocking the growth of the native heap
# Possible solutions:
#   Reduce memory load on the system
#   Increase physical memory or swap space
#   Check if swap backing store is full
#   Decrease Java heap size (-Xmx/-Xms)
#   Decrease number of Java threads
#   Decrease Java thread stack sizes (-Xss)
#   Set larger code cache with -XX:ReservedCodeCacheSize=
#   JVM is running with Unscaled Compressed Oops mode in which the Java heap is
#     placed in the first 4GB address space. The Java Heap base address is the
#     maximum limit for the native heap growth. Please use -XX:HeapBaseMinAddress
#     to set the Java Heap base and to place the Java Heap above 4GB virtual address.
# This output file may be truncated or incomplete.
#
#  Out of Memory Error (t:/workspace/open/src/hotspot/share/memory/arena.cpp:197), pid=16972, tid=20684
#
# JRE version: OpenJDK Runtime Environment (11.0.2+9) (build 11.0.2+9)
# Java VM: OpenJDK 64-Bit Server VM (11.0.2+9, mixed mode, tiered, compressed oops, g1 gc, windows-amd64)
# No core dump will be written. Minidumps are not enabled by default on client versions of Windows
#

---------------  S U M M A R Y ------------

Command Line: -Xmx512m --illegal-access=deny -DlanguageId_xjal=en0yzunf -DflowchartCountersVisible_xjal=true -DbuiltInTileCachePath_xjal=C:\Program Files\AnyLogic 8.8 Personal Learning Edition\plugins\com.anylogic.gis_8.8.4.202307181708\tiles -DflowchartPortStateAnimated_xjal=true -DenableWarnings_xjal=true -DenableObject3DLod_xjal=true -DstandaloneBrowserPath_xjal=C:/Program Files/AnyLogic 8.8 Personal Learning Edition/chromium/chromium-win64/chrome.exe -DstandaloneBrowserCommandArguments_xjal=--app=$1 -DanylogicIncomingPort_xjal=7880 -DbrowserUserDataPath_xjal=--user-data-dir=C:\Users\Anwender\.AnyLogicPLE\Workspace8.8\chromium\userData -DuseProxy_xjal=false -Dfile.encoding=Cp1252 com.anylogic.ms.MS minisDT.Simulation 1afce03

Host: AMD Ryzen 5 3600 6-Core Processor              , 12 cores, 15G,  Windows 10 , 64 bit Build 22621 (10.0.22621.2428)
Time: Sat Oct 21 23:55:56 2023 Mitteleuropäische Sommerzeit elapsed time: 0 seconds (0d 0h 0m 0s)

---------------  T H R E A D  ---------------

Current thread (0x00000231807ca000):  JavaThread "C2 CompilerThread2" daemon [_thread_in_native, id=20684, stack(0x000000340dc00000,0x000000340dd00000)]


Current CompileTask:
C2:    586 1483       4       jdk.internal.org.objectweb.asm.ClassWriter::newUTF8 (70 bytes)

Stack: [0x000000340dc00000,0x000000340dd00000]
Native frames: (J=compiled Java code, j=interpreted, Vv=VM code, C=native code)
V  [jvm.dll+0x63489a]
V  [jvm.dll+0x771f9f]
V  [jvm.dll+0x773648]
